Determining if the pthread_create exist failed with the following output:
Change Dir: /home/jake/test2/bomber/pod-build/CMakeFiles/CMakeTmp

Run Build Command:/usr/bin/make "cmTryCompileExec656607288/fast"
make[2]: 正在进入目录 `/home/jake/test2/bomber/pod-build/CMakeFiles/CMakeTmp'
/usr/bin/make -f CMakeFiles/cmTryCompileExec656607288.dir/build.make CMakeFiles/cmTryCompileExec656607288.dir/build
make[3]: 正在进入目录 `/home/jake/test2/bomber/pod-build/CMakeFiles/CMakeTmp'
/usr/bin/cmake -E cmake_progress_report /home/jake/test2/bomber/pod-build/CMakeFiles/CMakeTmp/CMakeFiles 1
Building C object CMakeFiles/cmTryCompileExec656607288.dir/CheckSymbolExists.c.o
/usr/bin/cc    -o CMakeFiles/cmTryCompileExec656607288.dir/CheckSymbolExists.c.o   -c /home/jake/test2/bomber/pod-build/CMakeFiles/CMakeTmp/CheckSymbolExists.c
Linking C executable cmTryCompileExec656607288
/usr/bin/cmake -E cmake_link_script CMakeFiles/cmTryCompileExec656607288.dir/link.txt --verbose=1
/usr/bin/cc       CMakeFiles/cmTryCompileExec656607288.dir/CheckSymbolExists.c.o  -o cmTryCompileExec656607288 -rdynamic 
CMakeFiles/cmTryCompileExec656607288.dir/CheckSymbolExists.c.o：在函数‘main’中：
CheckSymbolExists.c:(.text+0x16)：对‘pthread_create’未定义的引用
collect2: error: ld returned 1 exit status
make[3]: *** [cmTryCompileExec656607288] 错误 1
make[3]:正在离开目录 `/home/jake/test2/bomber/pod-build/CMakeFiles/CMakeTmp'
make[2]: *** [cmTryCompileExec656607288/fast] 错误 2
make[2]:正在离开目录 `/home/jake/test2/bomber/pod-build/CMakeFiles/CMakeTmp'

File /home/jake/test2/bomber/pod-build/CMakeFiles/CMakeTmp/CheckSymbolExists.c:
/* */
#include <pthread.h>

int main(int argc, char** argv)
{
  (void)argv;
#ifndef pthread_create
  return ((int*)(&pthread_create))[argc];
#else
  (void)argc;
  return 0;
#endif
}

Determining if the function pthread_create exists in the pthreads failed with the following output:
Change Dir: /home/jake/test2/bomber/pod-build/CMakeFiles/CMakeTmp

Run Build Command:/usr/bin/make "cmTryCompileExec20720339/fast"
make[2]: 正在进入目录 `/home/jake/test2/bomber/pod-build/CMakeFiles/CMakeTmp'
/usr/bin/make -f CMakeFiles/cmTryCompileExec20720339.dir/build.make CMakeFiles/cmTryCompileExec20720339.dir/build
make[3]: 正在进入目录 `/home/jake/test2/bomber/pod-build/CMakeFiles/CMakeTmp'
/usr/bin/cmake -E cmake_progress_report /home/jake/test2/bomber/pod-build/CMakeFiles/CMakeTmp/CMakeFiles 1
Building C object CMakeFiles/cmTryCompileExec20720339.dir/CheckFunctionExists.c.o
/usr/bin/cc   -DCHECK_FUNCTION_EXISTS=pthread_create   -o CMakeFiles/cmTryCompileExec20720339.dir/CheckFunctionExists.c.o   -c /usr/share/cmake-2.8/Modules/CheckFunctionExists.c
Linking C executable cmTryCompileExec20720339
/usr/bin/cmake -E cmake_link_script CMakeFiles/cmTryCompileExec20720339.dir/link.txt --verbose=1
/usr/bin/cc   -DCHECK_FUNCTION_EXISTS=pthread_create    CMakeFiles/cmTryCompileExec20720339.dir/CheckFunctionExists.c.o  -o cmTryCompileExec20720339 -rdynamic -lpthreads 
/usr/bin/ld: 找不到 -lpthreads
collect2: error: ld returned 1 exit status
make[3]: *** [cmTryCompileExec20720339] 错误 1
make[3]:正在离开目录 `/home/jake/test2/bomber/pod-build/CMakeFiles/CMakeTmp'
make[2]:正在离开目录 `/home/jake/test2/bomber/pod-build/CMakeFiles/CMakeTmp'
make[2]: *** [cmTryCompileExec20720339/fast] 错误 2


