Determining if the pthread_create exist failed with the following output:
Change Dir: /home/ubuntu/dji_fly/src/test2/apriltags/pod-build/CMakeFiles/CMakeTmp

Run Build Command:/usr/bin/make "cmTryCompileExec3342795815/fast"
make[2]: Entering directory `/home/ubuntu/dji_fly/src/test2/apriltags/pod-build/CMakeFiles/CMakeTmp'
/usr/bin/make -f CMakeFiles/cmTryCompileExec3342795815.dir/build.make CMakeFiles/cmTryCompileExec3342795815.dir/build
make[3]: Entering directory `/home/ubuntu/dji_fly/src/test2/apriltags/pod-build/CMakeFiles/CMakeTmp'
/usr/bin/cmake -E cmake_progress_report /home/ubuntu/dji_fly/src/test2/apriltags/pod-build/CMakeFiles/CMakeTmp/CMakeFiles 1
Building C object CMakeFiles/cmTryCompileExec3342795815.dir/CheckSymbolExists.c.o
/usr/bin/cc    -o CMakeFiles/cmTryCompileExec3342795815.dir/CheckSymbolExists.c.o   -c /home/ubuntu/dji_fly/src/test2/apriltags/pod-build/CMakeFiles/CMakeTmp/CheckSymbolExists.c
Linking C executable cmTryCompileExec3342795815
/usr/bin/cmake -E cmake_link_script CMakeFiles/cmTryCompileExec3342795815.dir/link.txt --verbose=1
/usr/bin/cc       CMakeFiles/cmTryCompileExec3342795815.dir/CheckSymbolExists.c.o  -o cmTryCompileExec3342795815 -rdynamic 
CMakeFiles/cmTryCompileExec3342795815.dir/CheckSymbolExists.c.o: In function `main':
CheckSymbolExists.c:(.text+0xe): undefined reference to `pthread_create'
CheckSymbolExists.c:(.text+0x12): undefined reference to `pthread_create'
collect2: error: ld returned 1 exit status
make[3]: Leaving directory `/home/ubuntu/dji_fly/src/test2/apriltags/pod-build/CMakeFiles/CMakeTmp'
make[3]: *** [cmTryCompileExec3342795815] Error 1
make[2]: Leaving directory `/home/ubuntu/dji_fly/src/test2/apriltags/pod-build/CMakeFiles/CMakeTmp'
make[2]: *** [cmTryCompileExec3342795815/fast] Error 2

File /home/ubuntu/dji_fly/src/test2/apriltags/pod-build/CMakeFiles/CMakeTmp/CheckSymbolExists.c:
/* */
#include <pthread.h>

int main(int argc, char** argv)
{
  (void)argv;
#ifndef pthread_create
  return ((int*)(&pthread_create))[argc];
#else
  (void)argc;
  return 0;
#endif
}

Determining if the function pthread_create exists in the pthreads failed with the following output:
Change Dir: /home/ubuntu/dji_fly/src/test2/apriltags/pod-build/CMakeFiles/CMakeTmp

Run Build Command:/usr/bin/make "cmTryCompileExec3471982802/fast"
make[2]: Entering directory `/home/ubuntu/dji_fly/src/test2/apriltags/pod-build/CMakeFiles/CMakeTmp'
/usr/bin/make -f CMakeFiles/cmTryCompileExec3471982802.dir/build.make CMakeFiles/cmTryCompileExec3471982802.dir/build
make[3]: Entering directory `/home/ubuntu/dji_fly/src/test2/apriltags/pod-build/CMakeFiles/CMakeTmp'
/usr/bin/cmake -E cmake_progress_report /home/ubuntu/dji_fly/src/test2/apriltags/pod-build/CMakeFiles/CMakeTmp/CMakeFiles 1
Building C object CMakeFiles/cmTryCompileExec3471982802.dir/CheckFunctionExists.c.o
/usr/bin/cc   -DCHECK_FUNCTION_EXISTS=pthread_create   -o CMakeFiles/cmTryCompileExec3471982802.dir/CheckFunctionExists.c.o   -c /usr/share/cmake-2.8/Modules/CheckFunctionExists.c
Linking C executable cmTryCompileExec3471982802
/usr/bin/cmake -E cmake_link_script CMakeFiles/cmTryCompileExec3471982802.dir/link.txt --verbose=1
/usr/bin/cc   -DCHECK_FUNCTION_EXISTS=pthread_create    CMakeFiles/cmTryCompileExec3471982802.dir/CheckFunctionExists.c.o  -o cmTryCompileExec3471982802 -rdynamic -lpthreads 
/usr/bin/ld: cannot find -lpthreads
collect2: error: ld returned 1 exit status
make[3]: Leaving directory `/home/ubuntu/dji_fly/src/test2/apriltags/pod-build/CMakeFiles/CMakeTmp'
make[3]: *** [cmTryCompileExec3471982802] Error 1
make[2]: Leaving directory `/home/ubuntu/dji_fly/src/test2/apriltags/pod-build/CMakeFiles/CMakeTmp'
make[2]: *** [cmTryCompileExec3471982802/fast] Error 2


